500485
5074
1612424
5075
1287681
97096
77044
293939
91492
41062
36643
41984
210430
293939
746128
746128
746128
746128
746128
746128
746128
746128
746128
746128
746128
746128
746128
746128
746128
746128
746128
746128
746128
746128
44412
78861
2364996
2720512
1208366
1567541
1287682
36656
1873369
2773459
36630
746128
1437362
746128
746128
746128
746128
746128
746128
746128
746128
746128
746128
746128
746128
746128
2821753
2614610
2663370
665665
363999
2663375
2614606
1799007
389665
2874508
110547
2614580
561989
109381
2614608
109381
2663373
97377
97377
101475
492091
490159
490159
48697
60169
416450
29845
254877
36646
60175
60175
60175
60175
5074
5074
482145
42673
363999
61366
306901
306901
38033
331117
331117
500485
1108849
5076
500485
573729
573729
27334
27334
27334
27334
1380566
1380566
109264
109264
1835702
1835702
41067
41067
1392255
1392255
1392248
1392248
231269
231269
209559
209559
209559
2508778
61420
61420
1825620
293939
293939
293939
293939
293939
293939
5082
1365484
5082
5082
5082
5082
1036611
1036611
1036611
1036611
60172
60172
1220207
1220207
1220207
1220207
1517512
1517512
152316
152316
152316
2675880
2675880
2675880
330879
330879
451804
